<?xml version="1.0" encoding="UTF-8" ?>
<testsuite tests="3" failures="0" name="org.example.tests.AnimalTest" time="0.034" errors="0" skipped="0">
  <properties>
[...]
</properties>
  <testcase classname="org.example.tests.AnimalTest" name="org.example.tests.AnimalTest.test_die" time="0.034"/>
  <testcase classname="org.example.tests.AnimalTest" name="org.example.tests.AnimalTest.test_sleep" time="0"/>
  <testcase classname="org.example.tests.AnimalTest" name="org.example.tests.AnimalTest.test_wake_up" time="0"/>
</testsuite>